<?xml version="1.0" encoding="UTF-8"?>
<!-- Generated by org.testng.reporters.JUnitReportReporter -->
<testsuite hostname="DESKTOP-EJU0EVA" failures="0" tests="1" name="Testcases.TC_001_Login" time="1.239" errors="0" timestamp="2024-09-11T01:12:01 IST" skipped="0">
  <testcase classname="Testcases.TC_001_Login" name="LoginTest" time="1.239"/>
</testsuite> <!-- Testcases.TC_001_Login -->
