<?xml version="1.0" encoding="UTF-8"?>
<!-- Generated by org.testng.reporters.JUnitReportReporter -->
<testsuite hostname="DESKTOP-EJU0EVA" failures="0" tests="1" name="TestNGexamples.Annotations" time="0.017" errors="0" timestamp="2024-08-30T16:47:29 IST" skipped="0">
  <testcase classname="TestNGexamples.Annotations" name="power9" time="0.017"/>
</testsuite> <!-- TestNGexamples.Annotations -->
