<?xml version="1.0" encoding="UTF-8"?>
<!-- Generated by org.testng.reporters.JUnitReportReporter -->
<testsuite hostname="DESKTOP-EJU0EVA" failures="0" tests="1" name="hybirdbase.tc_001" time="3.328" errors="0" timestamp="2024-09-17T10:22:14 IST" skipped="0">
  <testcase classname="hybirdbase.tc_001" name="logintest" time="3.328"/>
</testsuite> <!-- hybirdbase.tc_001 -->
