<?xml version="1.0" encoding="UTF-8"?>
<!-- Generated by org.testng.reporters.JUnitReportReporter -->
<testsuite hostname="DESKTOP-EJU0EVA" failures="0" tests="3" name="TestNGexamples.Priortization" time="9.918" errors="0" timestamp="2024-09-02T04:00:03 IST" skipped="0">
  <testcase classname="TestNGexamples.Priortization" name="openApplication" time="8.443"/>
  <testcase classname="TestNGexamples.Priortization" name="LoginFunctionality" time="1.089"/>
  <testcase classname="TestNGexamples.Priortization" name="LogoutFunction" time="0.386"/>
</testsuite> <!-- TestNGexamples.Priortization -->
